<?xml version="1.0" encoding="UTF-8"?>
<testsuite name="orthae.com.github.b3.core.proposal.status.ProposalStatusChangeValidatorTest" tests="12" skipped="0" failures="0" errors="0" timestamp="2022-07-10T14:21:41" hostname="A5" time="0.009">
  <properties/>
  <testcase name="proceedFromAcceptedToPublished()" classname="orthae.com.github.b3.core.proposal.status.ProposalStatusChangeValidatorTest" time="0.001"/>
  <testcase name="proceedFromAcceptedToAccepted()" classname="orthae.com.github.b3.core.proposal.status.ProposalStatusChangeValidatorTest" time="0.0"/>
  <testcase name="proceedFromCreatedToCreated()" classname="orthae.com.github.b3.core.proposal.status.ProposalStatusChangeValidatorTest" time="0.0"/>
  <testcase name="proceedFromVerifiedToAccepted()" classname="orthae.com.github.b3.core.proposal.status.ProposalStatusChangeValidatorTest" time="0.0"/>
  <testcase name="proceedFromVerifiedToVerified()" classname="orthae.com.github.b3.core.proposal.status.ProposalStatusChangeValidatorTest" time="0.001"/>
  <testcase name="proceedFromAcceptedToRejected()" classname="orthae.com.github.b3.core.proposal.status.ProposalStatusChangeValidatorTest" time="0.0"/>
  <testcase name="proceedFromRejectedToAccepted()" classname="orthae.com.github.b3.core.proposal.status.ProposalStatusChangeValidatorTest" time="0.0"/>
  <testcase name="proceedFromCreatedToDeleted()" classname="orthae.com.github.b3.core.proposal.status.ProposalStatusChangeValidatorTest" time="0.0"/>
  <testcase name="proceedFromDeletedToAccepted()" classname="orthae.com.github.b3.core.proposal.status.ProposalStatusChangeValidatorTest" time="0.001"/>
  <testcase name="proceedFromVerifiedToRejected()" classname="orthae.com.github.b3.core.proposal.status.ProposalStatusChangeValidatorTest" time="0.0"/>
  <testcase name="proceedFromCreatedToVerified()" classname="orthae.com.github.b3.core.proposal.status.ProposalStatusChangeValidatorTest" time="0.001"/>
  <testcase name="proceedFromPublishedToAccepted()" classname="orthae.com.github.b3.core.proposal.status.ProposalStatusChangeValidatorTest" time="0.0"/>
  <system-out><![CDATA[]]></system-out>
  <system-err><![CDATA[]]></system-err>
</testsuite>
