<?xml version="1.0" encoding="UTF-8"?>
<testsuite name="orthae.com.github.b3.core.application.impl.ProposalStatusServiceImplTest" tests="4" skipped="0" failures="0" errors="0" timestamp="2022-07-10T14:21:41" hostname="A5" time="0.088">
  <properties/>
  <testcase name="verifyProposal()" classname="orthae.com.github.b3.core.application.impl.ProposalStatusServiceImplTest" time="0.07"/>
  <testcase name="rejectProposal()" classname="orthae.com.github.b3.core.application.impl.ProposalStatusServiceImplTest" time="0.011"/>
  <testcase name="deleteProposal()" classname="orthae.com.github.b3.core.application.impl.ProposalStatusServiceImplTest" time="0.002"/>
  <testcase name="acceptProposal()" classname="orthae.com.github.b3.core.application.impl.ProposalStatusServiceImplTest" time="0.003"/>
  <system-out><![CDATA[]]></system-out>
  <system-err><![CDATA[]]></system-err>
</testsuite>
