<?xml version="1.0" encoding="UTF-8"?>
<testsuite name="orthae.com.github.b3.core.proposal.status.AbstractCommentableProposalStatusTest" tests="3" skipped="0" failures="0" errors="0" timestamp="2022-07-10T14:21:41" hostname="A5" time="0.005">
  <properties/>
  <testcase name="hashEquals()" classname="orthae.com.github.b3.core.proposal.status.AbstractCommentableProposalStatusTest" time="0.002"/>
  <testcase name="invalidConstructionNull()" classname="orthae.com.github.b3.core.proposal.status.AbstractCommentableProposalStatusTest" time="0.001"/>
  <testcase name="invalidConstructionBlank()" classname="orthae.com.github.b3.core.proposal.status.AbstractCommentableProposalStatusTest" time="0.001"/>
  <system-out><![CDATA[]]></system-out>
  <system-err><![CDATA[]]></system-err>
</testsuite>
