<?xml version="1.0" encoding="UTF-8"?>
<testsuite name="orthae.com.github.b3.core.proposal.status.impl.ProposalAcceptedStatusTest" tests="1" skipped="0" failures="0" errors="0" timestamp="2022-07-10T14:21:41" hostname="A5" time="0.0">
  <properties/>
  <testcase name="construction()" classname="orthae.com.github.b3.core.proposal.status.impl.ProposalAcceptedStatusTest" time="0.0"/>
  <system-out><![CDATA[]]></system-out>
  <system-err><![CDATA[]]></system-err>
</testsuite>
